21:45:14  [INFO ] : 浏览器已完成启动
21:45:14  [INFO ] : 正在访问http://www.testingedu.com.cn:8000/index.php/Admin/Index/index
21:45:16  [INFO ] : 正在设置窗口位置
21:45:26  [ERROR] : 端砚文本结果时定位元素失败
org.openqa.selenium.NoSuchElementException: no such element: Unable to locate element: {"method":"xpath","selector":"//div[@id='flexigrid']/table//tr[1]/td[4]"}
  (Session info: chrome=102.0.5005.63)
For documentation on this error, please visit: https://selenium.dev/exceptions/#no_such_element
Build info: version: '4.1.4', revision: '535d840ee2'
System info: host: 'DESKTOP-ATQ3D2C', ip: '192.168.1.7', os.name: 'Windows 10', os.arch: 'amd64', os.version: '10.0', java.version: '1.8.0_251'
Driver info: org.openqa.selenium.chrome.ChromeDriver
Command: [0acd988caa326c6b26cc08f4290db6d8, findElement {using=xpath, value=//div[@id='flexigrid']/table//tr[1]/td[4]}]
Capabilities {acceptInsecureCerts: false, browserName: chrome, browserVersion: 102.0.5005.63, chrome: {chromedriverVersion: 102.0.5005.27 (df4a85108ffa..., userDataDir: D:\chromeData\copyData}, goog:chromeOptions: {debuggerAddress: localhost:60543}, javascriptEnabled: true, networkConnectionEnabled: false, pageLoadStrategy: normal, platform: WINDOWS, platformName: WINDOWS, proxy: Proxy(), se:cdp: ws://localhost:60543/devtoo..., se:cdpVersion: 102.0.5005.63, setWindowRect: true, strictFileInteractability: false, timeouts: {implicit: 0, pageLoad: 300000, script: 30000}, unhandledPromptBehavior: dismiss and notify, webauthn:extension:credBlob: true, webauthn:extension:largeBlob: true, webauthn:virtualAuthenticators: true}
Session ID: 0acd988caa326c6b26cc08f4290db6d8
	at com.testing.web.WebKeyword.assertEleText(WebKeyword.java:762) [classes/:?]
	at com.testing.webPO.ShopAdminNG.assertAddGoods(ShopAdminNG.java:28) [test-classes/:?]
	at sun.reflect.NativeMethodAccessorImpl.invoke0(Native Method) ~[?:1.8.0_251]
	at sun.reflect.NativeMethodAccessorImpl.invoke(NativeMethodAccessorImpl.java:62) ~[?:1.8.0_251]
	at sun.reflect.DelegatingMethodAccessorImpl.invoke(DelegatingMethodAccessorImpl.java:43) ~[?:1.8.0_251]
	at java.lang.reflect.Method.invoke(Method.java:498) ~[?:1.8.0_251]
	at org.testng.internal.MethodInvocationHelper.invokeMethod(MethodInvocationHelper.java:124) [testng-6.14.3.jar:?]
	at org.testng.internal.Invoker.invokeMethod(Invoker.java:583) [testng-6.14.3.jar:?]
	at org.testng.internal.Invoker.invokeTestMethod(Invoker.java:719) [testng-6.14.3.jar:?]
	at org.testng.internal.Invoker.invokeTestMethods(Invoker.java:989) [testng-6.14.3.jar:?]
	at org.testng.internal.TestMethodWorker.invokeTestMethods(TestMethodWorker.java:125) [testng-6.14.3.jar:?]
	at org.testng.internal.TestMethodWorker.run(TestMethodWorker.java:109) [testng-6.14.3.jar:?]
	at org.testng.TestRunner.privateRun(TestRunner.java:648) [testng-6.14.3.jar:?]
	at org.testng.TestRunner.run(TestRunner.java:505) [testng-6.14.3.jar:?]
	at org.testng.SuiteRunner.runTest(SuiteRunner.java:455) [testng-6.14.3.jar:?]
	at org.testng.SuiteRunner.runSequentially(SuiteRunner.java:450) [testng-6.14.3.jar:?]
	at org.testng.SuiteRunner.privateRun(SuiteRunner.java:415) [testng-6.14.3.jar:?]
	at org.testng.SuiteRunner.run(SuiteRunner.java:364) [testng-6.14.3.jar:?]
	at org.testng.SuiteRunnerWorker.runSuite(SuiteRunnerWorker.java:52) [testng-6.14.3.jar:?]
	at org.testng.SuiteRunnerWorker.run(SuiteRunnerWorker.java:84) [testng-6.14.3.jar:?]
	at org.testng.TestNG.runSuitesSequentially(TestNG.java:1208) [testng-6.14.3.jar:?]
	at org.testng.TestNG.runSuitesLocally(TestNG.java:1137) [testng-6.14.3.jar:?]
	at org.testng.TestNG.runSuites(TestNG.java:1049) [testng-6.14.3.jar:?]
	at org.testng.TestNG.run(TestNG.java:1017) [testng-6.14.3.jar:?]
	at com.intellij.rt.testng.IDEARemoteTestNG.run(IDEARemoteTestNG.java:66) [testng-rt.jar:?]
	at com.intellij.rt.testng.RemoteTestNGStarter.main(RemoteTestNGStarter.java:110) [testng-rt.jar:?]
