22:22:06  [ERROR] : 元素点击失败//a[text()='返回商城首页']
org.openqa.selenium.NoSuchElementException: no such element: Unable to locate element: {"method":"xpath","selector":"//a[text()='返回商城首页']"}
  (Session info: chrome=102.0.5005.63)
For documentation on this error, please visit: https://selenium.dev/exceptions/#no_such_element
Build info: version: '4.1.4', revision: '535d840ee2'
System info: host: 'DESKTOP-ATQ3D2C', ip: '192.168.1.7', os.name: 'Windows 10', os.arch: 'amd64', os.version: '10.0', java.version: '1.8.0_251'
Driver info: org.openqa.selenium.chrome.ChromeDriver
Command: [964602d240fe7fbb23824e2d486a092a, findElement {using=xpath, value=//a[text()='返回商城首页']}]
Capabilities {acceptInsecureCerts: false, browserName: chrome, browserVersion: 102.0.5005.63, chrome: {chromedriverVersion: 102.0.5005.27 (df4a85108ffa..., userDataDir: D:\chromeData\copyData}, goog:chromeOptions: {debuggerAddress: localhost:65431}, javascriptEnabled: true, networkConnectionEnabled: false, pageLoadStrategy: normal, platform: WINDOWS, platformName: WINDOWS, proxy: Proxy(), se:cdp: ws://localhost:65431/devtoo..., se:cdpVersion: 102.0.5005.63, setWindowRect: true, strictFileInteractability: false, timeouts: {implicit: 0, pageLoad: 300000, script: 30000}, unhandledPromptBehavior: dismiss and notify, webauthn:extension:credBlob: true, webauthn:extension:largeBlob: true, webauthn:virtualAuthenticators: true}
Session ID: 964602d240fe7fbb23824e2d486a092a
	at com.testing.web.WebKeyword.click(WebKeyword.java:254) [classes/:?]
	at com.testing.webPO.ShopCustomerNG.search(ShopCustomerNG.java:94) [test-classes/:?]
	at sun.reflect.NativeMethodAccessorImpl.invoke0(Native Method) ~[?:1.8.0_251]
	at sun.reflect.NativeMethodAccessorImpl.invoke(NativeMethodAccessorImpl.java:62) ~[?:1.8.0_251]
	at sun.reflect.DelegatingMethodAccessorImpl.invoke(DelegatingMethodAccessorImpl.java:43) ~[?:1.8.0_251]
	at java.lang.reflect.Method.invoke(Method.java:498) ~[?:1.8.0_251]
	at org.testng.internal.MethodInvocationHelper.invokeMethod(MethodInvocationHelper.java:124) [testng-6.14.3.jar:?]
	at org.testng.internal.Invoker.invokeMethod(Invoker.java:583) [testng-6.14.3.jar:?]
	at org.testng.internal.Invoker.invokeTestMethod(Invoker.java:719) [testng-6.14.3.jar:?]
	at org.testng.internal.Invoker.invokeTestMethods(Invoker.java:989) [testng-6.14.3.jar:?]
	at org.testng.internal.TestMethodWorker.invokeTestMethods(TestMethodWorker.java:125) [testng-6.14.3.jar:?]
	at org.testng.internal.TestMethodWorker.run(TestMethodWorker.java:109) [testng-6.14.3.jar:?]
	at org.testng.TestRunner.privateRun(TestRunner.java:648) [testng-6.14.3.jar:?]
	at org.testng.TestRunner.run(TestRunner.java:505) [testng-6.14.3.jar:?]
	at org.testng.SuiteRunner.runTest(SuiteRunner.java:455) [testng-6.14.3.jar:?]
	at org.testng.SuiteRunner.runSequentially(SuiteRunner.java:450) [testng-6.14.3.jar:?]
	at org.testng.SuiteRunner.privateRun(SuiteRunner.java:415) [testng-6.14.3.jar:?]
	at org.testng.SuiteRunner.run(SuiteRunner.java:364) [testng-6.14.3.jar:?]
	at org.testng.SuiteRunnerWorker.runSuite(SuiteRunnerWorker.java:52) [testng-6.14.3.jar:?]
	at org.testng.SuiteRunnerWorker.run(SuiteRunnerWorker.java:84) [testng-6.14.3.jar:?]
	at org.testng.TestNG.runSuitesSequentially(TestNG.java:1208) [testng-6.14.3.jar:?]
	at org.testng.TestNG.runSuitesLocally(TestNG.java:1137) [testng-6.14.3.jar:?]
	at org.testng.TestNG.runSuites(TestNG.java:1049) [testng-6.14.3.jar:?]
	at org.testng.TestNG.run(TestNG.java:1017) [testng-6.14.3.jar:?]
	at com.intellij.rt.testng.IDEARemoteTestNG.run(IDEARemoteTestNG.java:66) [testng-rt.jar:?]
	at com.intellij.rt.testng.RemoteTestNGStarter.main(RemoteTestNGStarter.java:110) [testng-rt.jar:?]
22:22:06  [INFO ] : 正在截取图片log\pic\点击操作失败截图0705-222206.png
22:22:07  [INFO ] : 向//input[@id='q']元素输入{ROY随机商品}
22:22:08  [INFO ] : 点击元素//button[text()='搜索']
22:22:09  [INFO ] : 获取元素//div[@class='shop-list-splb p']/ul/li[1]//div[@class='shop_name2']/a文本内容为{ROY随机商品}
22:22:09  [INFO ] : 获取元素//div[@class='shop-list-splb p']/ul/li[1]//div[@class='price-tag']/span[@class='old']/em[2]文本内容为668.00
22:22:09  [INFO ] : 获取元素//div[@class='shop-list-splb p']/ul/li[1]//div[@class='price-tag']/span[@class='now']/em[2]文本内容为666.00
22:22:36  [INFO ] : 浏览器已完成启动
22:22:36  [INFO ] : 正在访问http://www.testingedu.com.cn:8000/Admin/Admin/login
22:22:37  [INFO ] : 正在设置窗口位置
22:22:38  [INFO ] : 向//input[@name='username']元素输入admin
22:22:38  [INFO ] : 向//input[@name='password']元素输入123456
22:22:38  [INFO ] : 向//input[@name='vertify']元素输入1
22:22:39  [INFO ] : 点击元素//input[@value='登录']
22:22:39  [INFO ] : 正在访问http://www.testingedu.com.cn:8000/index.php/Admin/Index/index
22:22:40  [INFO ] : 正在设置窗口位置
22:22:41  [INFO ] : 点击元素//a[text()='商城']
22:22:41  [INFO ] : 切换到id为workspace的iframe
22:22:41  [INFO ] : 点击元素//span[text()='添加商品']
22:22:41  [INFO ] : 向//input[@name="goods_name"]元素输入{ROY随机商品}
22:22:41  [INFO ] : 点击元素//select[@id='cat_id']
22:22:42  [INFO ] : 点击元素//option[@value='31']
22:22:42  [INFO ] : 等待0.5秒
22:22:42  [INFO ] : 操作select元素//select[@id='cat_id_2']选择value34
22:22:43  [INFO ] : 等待0.5秒
22:22:43  [INFO ] : 操作select元素//select[@id='cat_id_3']选择文本手机壳
22:22:43  [INFO ] : 向//input[@name='shop_price']元素输入666
22:22:43  [INFO ] : 向//input[@name='market_price']元素输入668
22:22:43  [INFO ] : 点击元素//input[@onclick and contains(@title,'预览图')]
22:22:43  [INFO ] : 切换到xpath为//iframe[contains(@id,'layui')]的iframe
22:22:43  [INFO ] : 向//div[text()='点击选择文件']/following-sibling::div/input元素输入E:\QSwork\素材\微信二维码.png
22:22:45  [INFO ] : 等待1.0秒
22:22:45  [INFO ] : 点击元素//div[text()='确定使用']
22:22:45  [INFO ] : 切换到父级Frame
22:22:45  [INFO ] : 点击元素//label[text()='是' and @id]
22:22:45  [INFO ] : 正在执行jswindow.scrollTo(0,2000)
22:22:55  [INFO ] : 切换到id为ueditor_0的iframe
22:22:55  [INFO ] : 执行js语句arguments[0].innerText='测试输入'
22:22:55  [INFO ] : 切换到父级Frame
22:22:55  [INFO ] : 点击元素//a[@id='submit']
22:22:58  [INFO ] : 断言的时候实际结果是dly2241
22:22:58  [INFO ] : 预期结果是{ROY随机商品}替换变量后的值是dly2241
22:22:58  [INFO ] : 测试成功
22:22:59  [INFO ] : 测试成功
