21:21:22  [INFO ] : 注册用户,,, ,,,,,,,,
21:21:22  [INFO ] : ,注册用户,,,,,,,,,,
21:21:22  [INFO ] : 3,,清空头,clearHeader,,,,,,,,
21:21:22  [INFO ] : 4,,鉴权接口签发token,postUrl,http://www.testingedu.com.cn:8081/inter/HTTP/auth,,,jsonValueCheck,$.status,200,,
21:21:23  [INFO ] : {"status":200,"msg":"success","token":"730f63af25664526b2a0f396d36555a9"}
21:21:23  [INFO ] : 5,,保存参数,saveJsonParam,token,$.token,,,,,,
21:21:23  [ERROR] : 解析json内容失败
java.lang.NullPointerException: null
	at com.testing.inter.InterKeyword.saveJsonParam(InterKeyword.java:202) [classes/:?]
	at sun.reflect.NativeMethodAccessorImpl.invoke0(Native Method) ~[?:1.8.0_251]
	at sun.reflect.NativeMethodAccessorImpl.invoke(NativeMethodAccessorImpl.java:62) ~[?:1.8.0_251]
	at sun.reflect.DelegatingMethodAccessorImpl.invoke(DelegatingMethodAccessorImpl.java:43) ~[?:1.8.0_251]
	at java.lang.reflect.Method.invoke(Method.java:498) ~[?:1.8.0_251]
	at com.testing.common.AutoTools.invokeKeyWord(AutoTools.java:213) [classes/:?]
	at com.testing.class18.InterDDT.NormalTest.runCase(NormalTest.java:35) [test-classes/:?]
	at sun.reflect.NativeMethodAccessorImpl.invoke0(Native Method) ~[?:1.8.0_251]
	at sun.reflect.NativeMethodAccessorImpl.invoke(NativeMethodAccessorImpl.java:62) ~[?:1.8.0_251]
	at sun.reflect.DelegatingMethodAccessorImpl.invoke(DelegatingMethodAccessorImpl.java:43) ~[?:1.8.0_251]
	at java.lang.reflect.Method.invoke(Method.java:498) ~[?:1.8.0_251]
	at org.testng.internal.MethodInvocationHelper.invokeMethod(MethodInvocationHelper.java:124) [testng-6.14.3.jar:?]
	at org.testng.internal.Invoker.invokeMethod(Invoker.java:583) [testng-6.14.3.jar:?]
	at org.testng.internal.Invoker.invokeTestMethod(Invoker.java:719) [testng-6.14.3.jar:?]
	at org.testng.internal.Invoker.invokeTestMethods(Invoker.java:989) [testng-6.14.3.jar:?]
	at org.testng.internal.TestMethodWorker.invokeTestMethods(TestMethodWorker.java:125) [testng-6.14.3.jar:?]
	at org.testng.internal.TestMethodWorker.run(TestMethodWorker.java:109) [testng-6.14.3.jar:?]
	at org.testng.TestRunner.privateRun(TestRunner.java:648) [testng-6.14.3.jar:?]
	at org.testng.TestRunner.run(TestRunner.java:505) [testng-6.14.3.jar:?]
	at org.testng.SuiteRunner.runTest(SuiteRunner.java:455) [testng-6.14.3.jar:?]
	at org.testng.SuiteRunner.runSequentially(SuiteRunner.java:450) [testng-6.14.3.jar:?]
	at org.testng.SuiteRunner.privateRun(SuiteRunner.java:415) [testng-6.14.3.jar:?]
	at org.testng.SuiteRunner.run(SuiteRunner.java:364) [testng-6.14.3.jar:?]
	at org.testng.SuiteRunnerWorker.runSuite(SuiteRunnerWorker.java:52) [testng-6.14.3.jar:?]
	at org.testng.SuiteRunnerWorker.run(SuiteRunnerWorker.java:84) [testng-6.14.3.jar:?]
	at org.testng.TestNG.runSuitesSequentially(TestNG.java:1208) [testng-6.14.3.jar:?]
	at org.testng.TestNG.runSuitesLocally(TestNG.java:1137) [testng-6.14.3.jar:?]
	at org.testng.TestNG.runSuites(TestNG.java:1049) [testng-6.14.3.jar:?]
	at org.testng.TestNG.run(TestNG.java:1017) [testng-6.14.3.jar:?]
	at com.intellij.rt.testng.IDEARemoteTestNG.run(IDEARemoteTestNG.java:66) [testng-rt.jar:?]
	at com.intellij.rt.testng.RemoteTestNGStarter.main(RemoteTestNGStarter.java:110) [testng-rt.jar:?]
21:21:23  [INFO ] : 6,,添加头域,addHeader,{"token":"{token}"},,,,,,,
21:21:23  [INFO ] : 7,,注册,postUrl,http://www.testingedu.com.cn:8081/inter/HTTP/register,username=Tester55&pwd=123456&nickname=测试账号&describe=这个账号，是一个测试注册的账号,,jsonValueCheck,$.status,200,,
21:21:23  [INFO ] : {"status":405,"msg":"非法请求"}
21:21:23  [INFO ] : 登录,,, ,,,,,,,,
21:21:23  [INFO ] : ,登录,,,,,,,,,,
21:21:23  [INFO ] : 10,,登录,postUrl,http://www.testingedu.com.cn:8081/inter/HTTP/login,username=Tester55&password=123456,,jsonValueCheck,$.msg,恭喜您，登录成功,,
21:21:23  [INFO ] : {"status":405,"msg":"非法请求"}
21:21:23  [INFO ] : 11,,保存参数,saveJsonParam,id,$.userid,,,,,,
21:21:23  [ERROR] : 解析json内容失败
java.lang.NullPointerException: null
	at com.testing.inter.InterKeyword.saveJsonParam(InterKeyword.java:202) [classes/:?]
	at sun.reflect.NativeMethodAccessorImpl.invoke0(Native Method) ~[?:1.8.0_251]
	at sun.reflect.NativeMethodAccessorImpl.invoke(NativeMethodAccessorImpl.java:62) ~[?:1.8.0_251]
	at sun.reflect.DelegatingMethodAccessorImpl.invoke(DelegatingMethodAccessorImpl.java:43) ~[?:1.8.0_251]
	at java.lang.reflect.Method.invoke(Method.java:498) ~[?:1.8.0_251]
	at com.testing.common.AutoTools.invokeKeyWord(AutoTools.java:213) [classes/:?]
	at com.testing.class18.InterDDT.NormalTest.runCase(NormalTest.java:35) [test-classes/:?]
	at sun.reflect.NativeMethodAccessorImpl.invoke0(Native Method) ~[?:1.8.0_251]
	at sun.reflect.NativeMethodAccessorImpl.invoke(NativeMethodAccessorImpl.java:62) ~[?:1.8.0_251]
	at sun.reflect.DelegatingMethodAccessorImpl.invoke(DelegatingMethodAccessorImpl.java:43) ~[?:1.8.0_251]
	at java.lang.reflect.Method.invoke(Method.java:498) ~[?:1.8.0_251]
	at org.testng.internal.MethodInvocationHelper.invokeMethod(MethodInvocationHelper.java:124) [testng-6.14.3.jar:?]
	at org.testng.internal.Invoker.invokeMethod(Invoker.java:583) [testng-6.14.3.jar:?]
	at org.testng.internal.Invoker.invokeTestMethod(Invoker.java:719) [testng-6.14.3.jar:?]
	at org.testng.internal.Invoker.invokeTestMethods(Invoker.java:989) [testng-6.14.3.jar:?]
	at org.testng.internal.TestMethodWorker.invokeTestMethods(TestMethodWorker.java:125) [testng-6.14.3.jar:?]
	at org.testng.internal.TestMethodWorker.run(TestMethodWorker.java:109) [testng-6.14.3.jar:?]
	at org.testng.TestRunner.privateRun(TestRunner.java:648) [testng-6.14.3.jar:?]
	at org.testng.TestRunner.run(TestRunner.java:505) [testng-6.14.3.jar:?]
	at org.testng.SuiteRunner.runTest(SuiteRunner.java:455) [testng-6.14.3.jar:?]
	at org.testng.SuiteRunner.runSequentially(SuiteRunner.java:450) [testng-6.14.3.jar:?]
	at org.testng.SuiteRunner.privateRun(SuiteRunner.java:415) [testng-6.14.3.jar:?]
	at org.testng.SuiteRunner.run(SuiteRunner.java:364) [testng-6.14.3.jar:?]
	at org.testng.SuiteRunnerWorker.runSuite(SuiteRunnerWorker.java:52) [testng-6.14.3.jar:?]
	at org.testng.SuiteRunnerWorker.run(SuiteRunnerWorker.java:84) [testng-6.14.3.jar:?]
	at org.testng.TestNG.runSuitesSequentially(TestNG.java:1208) [testng-6.14.3.jar:?]
	at org.testng.TestNG.runSuitesLocally(TestNG.java:1137) [testng-6.14.3.jar:?]
	at org.testng.TestNG.runSuites(TestNG.java:1049) [testng-6.14.3.jar:?]
	at org.testng.TestNG.run(TestNG.java:1017) [testng-6.14.3.jar:?]
	at com.intellij.rt.testng.IDEARemoteTestNG.run(IDEARemoteTestNG.java:66) [testng-rt.jar:?]
	at com.intellij.rt.testng.RemoteTestNGStarter.main(RemoteTestNGStarter.java:110) [testng-rt.jar:?]
21:21:23  [INFO ] : 用户信息,,, ,,,,,,,,
21:21:23  [INFO ] : ,用户信息,,,,,,,,,,
21:21:23  [INFO ] : 14,,获取用户信息,postUrl,http://www.testingedu.com.cn:8081/inter/HTTP/getUserInfo,id={id},,jsonValueCheck,$.msg,查询成功,,
21:21:23  [INFO ] : {"status":405,"msg":"非法请求"}
21:21:23  [INFO ] : 登出,,, ,,,,,,,,
21:21:23  [INFO ] : ,登出,,,,,,,,,,
21:21:23  [INFO ] : 17,,登出,postUrl,http://www.testingedu.com.cn:8081/inter/HTTP/logout,,,jsonValueCheck,$.msg,用户已退出登录,,
21:21:23  [INFO ] : {"status":405,"msg":"非法请求"}
